/*C12*/SET SCHEMA PUBLIC
INSERT INTO USUARIO VALUES(11,'a\u00f1lsdjf','jose','u7809i','1979-03-03 18:00:00.000000')
COMMIT
DISCONNECT
/*C13*/SET SCHEMA PUBLIC
DISCONNECT
/*C14*/SET SCHEMA PUBLIC
create table PERSON_EMAIL_ADDR (PERSON_ID bigint not null, EMAIL_ADDR varchar(255))
alter table PERSON_EMAIL_ADDR add constraint FKA54215FE7A938050 foreign key (PERSON_ID) references PERSON
DISCONNECT
/*C15*/SET SCHEMA PUBLIC
INSERT INTO EVENTS VALUES(5,'2012-11-11 21:19:15.399000','My Event')
COMMIT
DISCONNECT
/*C16*/SET SCHEMA PUBLIC
DISCONNECT
/*C17*/SET SCHEMA PUBLIC
INSERT INTO EVENTS VALUES(6,'2012-11-11 21:21:58.244000','My Event')
COMMIT
INSERT INTO PERSON VALUES(3,0,'Foo','Bar')
COMMIT
INSERT INTO PERSON_EVENT VALUES(3,6)
COMMIT
DISCONNECT
/*C18*/SET SCHEMA PUBLIC
DISCONNECT
